


ARM Macro Assembler    Page 1 


    1 00000000                 AREA             mainarea,CODE
    2 00000000         
    3 00000000         ; Your instructions go here...
    4 00000000         
    5 00000000                 END
Command Line: --debug --xref --diag_suppress=9931,A1950W --cpu=Cortex-M4.fp.sp 
--depend=.\objects\asm.d -o.\objects\asm.o -I.\RTE\_STM32F407_Flash -IC:\Users\
wabet\AppData\Local\Arm\Packs\ARM\CMSIS\6.1.0\CMSIS\Core\Include -IC:\Users\wab
et\AppData\Local\Arm\Packs\Keil\STM32F4xx_DFP\2.17.1\Drivers\CMSIS\Device\ST\ST
M32F4xx\Include -IC:\Users\wabet\AppData\Local\Arm\Packs\Keil\STM32F4xx_DFP\3.0
.0\Drivers\CMSIS\Device\ST\STM32F4xx\Include --predefine="__EVAL SETA 1" --pred
efine="__UVISION_VERSION SETA 541" --predefine="STM32F407xx SETA 1" --predefine
="_RTE_ SETA 1" --list=.\listings\asm.lst asm\asm.s



ARM Macro Assembler    Page 1 Alphabetic symbol ordering
Relocatable symbols

mainarea 00000000

Symbol: mainarea
   Definitions
      At line 1 in file asm\asm.s
   Uses
      None
Comment: mainarea unused
1 symbol
335 symbols in table
