


ARM Macro Assembler    Page 1 


    1 00000000                 AREA             mainarea,CODE
    2 00000000                 EXPORT           fib
    3 00000000         
    4 00000000         
    5 00000000         fib
    6 00000000         ;PUSH {lr}   ; Store link register on stack
    7 00000000 B500            STMFD            sp!, {lr}
    8 00000002         
    9 00000002 2802            CMP              r0, #2      ; Compare r0 with 2
                                                            . 
   10 00000004 D90E            BLS              fib_base_case ; Branch if equal
                                                             or less than
   11 00000006         
   12 00000006         ;PUSH {r0}   ; Store r0 on the stack
   13 00000006 B401            STMFD            sp!, {r0}
   14 00000008         
   15 00000008 F1A0 0001       SUB              r0, r0, #1  ; r0 = r0 - 1 (n-1)
                                                            
   16 0000000C F7FF FFFE       BL               fib         ; Branch to fib wit
                                                            h (n-1)
   17 00000010 4601            MOV              r1, r0      ; Store (n-1) in r1
                                                            
   18 00000012         
   19 00000012         ;POP {r0}   ; Retrieve r0 from stack
   20 00000012 BC01            LDMFD            sp!, {r0}
   21 00000014         ;PUSH {r1}   ; Store r1 on the stack
   22 00000014 B402            STMFD            sp!, {r1}
   23 00000016         
   24 00000016 F1A0 0002       SUB              r0, r0, #2  ; r0 = r0 - 2 (n-2)
                                                            
   25 0000001A F7FF FFFE       BL               fib         ; Branch to fib wit
                                                            h (n-2)
   26 0000001E         ;POP{r1}
   27 0000001E BC02            LDMFD            sp!, {r1}
   28 00000020 4408            ADD              r0, r0, r1  ; r0 = r0 (n-2) + r
                                                            1 (n-1)
   29 00000022         
   30 00000022 BD00            LDMFD            sp!, {pc}   ; Pop lr into pc, s
                                                            o no need to branch
                                                             as pc will automat
                                                            ically branch to lr
                                                            
   31 00000024         
   32 00000024         ;POP {lr}   ; Restore lr
   33 00000024         ;BX lr    ; Return to caller
   34 00000024         
   35 00000024         
   36 00000024         fib_base_case
   37 00000024 F04F 0001       MOV              r0, #1      ; If n <= 2, r0 is 
                                                            always 1
   38 00000028 BD00            LDMFD            sp!, {pc}
   39 0000002A         ;POP {lr}   ; Restore lr
   40 0000002A         ;BX lr    ; Return to caller
   41 0000002A         
   42 0000002A         
   43 0000002A                 END
Command Line: --debug --xref --diag_suppress=9931,A1950W --cpu=Cortex-M4.fp.sp 
--depend=.\objects\fibonacci.d -o.\objects\fibonacci.o -I.\RTE\_STM32F407_Flash
 -IC:\Users\wabet\AppData\Local\Arm\Packs\ARM\CMSIS\6.1.0\CMSIS\Core\Include -I



ARM Macro Assembler    Page 2 


C:\Users\wabet\AppData\Local\Arm\Packs\Keil\STM32F4xx_DFP\2.17.1\Drivers\CMSIS\
Device\ST\STM32F4xx\Include -IC:\Users\wabet\AppData\Local\Arm\Packs\Keil\STM32
F4xx_DFP\3.0.0\Drivers\CMSIS\Device\ST\STM32F4xx\Include --predefine="__EVAL SE
TA 1" --predefine="__UVISION_VERSION SETA 541" --predefine="STM32F407xx SETA 1"
 --predefine="_RTE_ SETA 1" --list=.\listings\fibonacci.lst asm\fibonacci.s



ARM Macro Assembler    Page 1 Alphabetic symbol ordering
Relocatable symbols

fib 00000000

Symbol: fib
   Definitions
      At line 5 in file asm\fibonacci.s
   Uses
      At line 2 in file asm\fibonacci.s
      At line 16 in file asm\fibonacci.s
      At line 25 in file asm\fibonacci.s

fib_base_case 00000024

Symbol: fib_base_case
   Definitions
      At line 36 in file asm\fibonacci.s
   Uses
      At line 10 in file asm\fibonacci.s
Comment: fib_base_case used once
mainarea 00000000

Symbol: mainarea
   Definitions
      At line 1 in file asm\fibonacci.s
   Uses
      None
Comment: mainarea unused
3 symbols
338 symbols in table
