


ARM Macro Assembler    Page 1 


    1 00000000                 AREA             mainarea,CODE
    2 00000000                 EXPORT           asm_main
    3 00000000                 IMPORT           fib
    4 00000000         
    5 00000000         asm_main
    6 00000000 F04F 0008       MOV              r0, #8
    7 00000004         
    8 00000004 B500            PUSH             {lr}
    9 00000006 F7FF FFFE       BL               fib
   10 0000000A F85D EB04       POP              {lr}
   11 0000000E         
   12 0000000E         
   13 0000000E E7FE            B                .           ; Loop forever
   14 00000010         
   15 00000010                 ALIGN
   16 00000010                 END
Command Line: --debug --xref --diag_suppress=9931,A1950W --cpu=Cortex-M4.fp.sp 
--depend=.\objects\main.d -o.\objects\main.o -I.\RTE\_STM32F407_Flash -IC:\Keil
_v5\ARM\PACK\ARM\CMSIS\6.1.0\CMSIS\Core\Include -IC:\Keil_v5\ARM\PACK\Keil\STM3
2F4xx_DFP\2.17.1\Drivers\CMSIS\Device\ST\STM32F4xx\Include -IC:\Keil_v5\ARM\PAC
K\Keil\STM32F4xx_DFP\3.0.0\Drivers\CMSIS\Device\ST\STM32F4xx\Include --predefin
e="__UVISION_VERSION SETA 541" --predefine="STM32F407xx SETA 1" --predefine="_R
TE_ SETA 1" --list=.\listings\main.lst asm\main.s



ARM Macro Assembler    Page 1 Alphabetic symbol ordering
Relocatable symbols

asm_main 00000000

Symbol: asm_main
   Definitions
      At line 5 in file asm\main.s
   Uses
      At line 2 in file asm\main.s
Comment: asm_main used once
mainarea 00000000

Symbol: mainarea
   Definitions
      At line 1 in file asm\main.s
   Uses
      None
Comment: mainarea unused
2 symbols



ARM Macro Assembler    Page 1 Alphabetic symbol ordering
External symbols

fib 00000000

Symbol: fib
   Definitions
      At line 3 in file asm\main.s
   Uses
      At line 9 in file asm\main.s
Comment: fib used once
1 symbol
337 symbols in table
