


ARM Macro Assembler    Page 1 


    1 00000000                 AREA             storage,DATA
    2 00000000         array
    3 00000000         ; Total is 232 for the example list
    4 00000000 00000003 
              00000007 
              0000001F 
              000000C1 
              00000002 
              FFFFFFFB 
              00000001         DCD              3, 7, 31, 193, 2, -5, 1
    5 0000001C         array_end
    6 0000001C         
    7 0000001C                 AREA             main,CODE
    8 00000000                 EXPORT           asm_main
    9 00000000         asm_main
   10 00000000         ; Your code goes here
   11 00000000 4808            LDR              r0, =array
   12 00000002 4909            LDR              r1, =array_end
   13 00000004 F04F 0200       MOV              r2, #0
   14 00000008 F04F 0300       MOV              r3, #0
   15 0000000C         
   16 0000000C         loop
   17 0000000C F850 2B04       LDR              r2, [r0], #4 ; Load the value a
                                                            t r0 into r2 and in
                                                            crement r0 by 1
   18 00000010 2A00            CMP              r2, #0      ; Compare r2 to 0.
   19 00000012 DB03            BLT              mod         ; Branch to mod if 
                                                            r2 is less than 0 (
                                                            signed)
   20 00000014         mod_ret
   21 00000014 4413            ADD              r3, r3, r2  ; Add r2 and r3 and
                                                             place it in r3
   22 00000016 4288            CMP              r0, r1      ; Compare r0 and r1
                                                             and see if r0 is a
                                                            t array_end
   23 00000018 D3F8            BLO              loop        ; If r0 < r1 loop
   24 0000001A         
   25 0000001A E7FE            B                .           ; Loop forever
   26 0000001C         
   27 0000001C         mod
   28 0000001C F1C2 0200       RSB              r2, r2, #0  ; Subtract r2 from 
                                                            0
   29 00000020 E7F8            B                mod_ret
   30 00000022         
   31 00000022 00 00           ALIGN
   32 00000024                 END
              00000000 
              00000000 
Command Line: --debug --xref --diag_suppress=9931,A1950W --cpu=Cortex-M4.fp.sp 
--depend=.\objects\main.d -o.\objects\main.o -I.\RTE\_STM32F407_Flash -IC:\Keil
_v5\ARM\PACK\ARM\CMSIS\6.1.0\CMSIS\Core\Include -IC:\Keil_v5\ARM\PACK\Keil\STM3
2F4xx_DFP\2.17.1\Drivers\CMSIS\Device\ST\STM32F4xx\Include --predefine="__UVISI
ON_VERSION SETA 541" --predefine="STM32F407xx SETA 1" --predefine="_RTE_ SETA 1
" --list=.\listings\main.lst asm\main.s



ARM Macro Assembler    Page 1 Alphabetic symbol ordering
Relocatable symbols

array 00000000

Symbol: array
   Definitions
      At line 2 in file asm\main.s
   Uses
      At line 11 in file asm\main.s
Comment: array used once
array_end 0000001C

Symbol: array_end
   Definitions
      At line 5 in file asm\main.s
   Uses
      At line 12 in file asm\main.s
Comment: array_end used once
storage 00000000

Symbol: storage
   Definitions
      At line 1 in file asm\main.s
   Uses
      None
Comment: storage unused
3 symbols



ARM Macro Assembler    Page 1 Alphabetic symbol ordering
Relocatable symbols

asm_main 00000000

Symbol: asm_main
   Definitions
      At line 9 in file asm\main.s
   Uses
      At line 8 in file asm\main.s
Comment: asm_main used once
loop 0000000C

Symbol: loop
   Definitions
      At line 16 in file asm\main.s
   Uses
      At line 23 in file asm\main.s
Comment: loop used once
main 00000000

Symbol: main
   Definitions
      At line 7 in file asm\main.s
   Uses
      None
Comment: main unused
mod 0000001C

Symbol: mod
   Definitions
      At line 27 in file asm\main.s
   Uses
      At line 19 in file asm\main.s
Comment: mod used once
mod_ret 00000014

Symbol: mod_ret
   Definitions
      At line 20 in file asm\main.s
   Uses
      At line 29 in file asm\main.s
Comment: mod_ret used once
5 symbols
344 symbols in table
