


ARM Macro Assembler    Page 1 


    1 00000000                 AREA             mainarea,CODE
    2 00000000                 EXPORT           asm_main
    3 00000000         asm_main
    4 00000000         
    5 00000000         ; Your instructions go here...
    6 00000000         
    7 00000000 F04F 0002       MOV              r0, #2
    8 00000004 F04F 0100       MOV              r1, #0
    9 00000008 EB00 0140       ADD              r1, r0, r0, LSL #1
   10 0000000C EB00 0181       ADD              r1, r0, r1, LSL #2
   11 00000010         
   12 00000010 E7FE            B                .           ; Loop forever
   13 00000012         
   14 00000012                 END
Command Line: --debug --xref --diag_suppress=9931,A1950W --cpu=Cortex-M4.fp.sp 
--depend=.\objects\main.d -o.\objects\main.o -I.\RTE\_STM32F407_Flash -IC:\Keil
_v5\ARM\PACK\ARM\CMSIS\6.1.0\CMSIS\Core\Include -IC:\Keil_v5\ARM\PACK\Keil\STM3
2F4xx_DFP\2.17.1\Drivers\CMSIS\Device\ST\STM32F4xx\Include --predefine="__UVISI
ON_VERSION SETA 541" --predefine="STM32F407xx SETA 1" --predefine="_RTE_ SETA 1
" --list=.\listings\main.lst asm\main.s



ARM Macro Assembler    Page 1 Alphabetic symbol ordering
Relocatable symbols

asm_main 00000000

Symbol: asm_main
   Definitions
      At line 3 in file asm\main.s
   Uses
      At line 2 in file asm\main.s
Comment: asm_main used once
mainarea 00000000

Symbol: mainarea
   Definitions
      At line 1 in file asm\main.s
   Uses
      None
Comment: mainarea unused
2 symbols
336 symbols in table
