


ARM Macro Assembler    Page 1 


    1 00000000                 AREA             storage,DATA
    2 00000000         array
    3 00000000 00 00 00 
              00 00 00 
              00 00 00 
              00 00 00 
              00 00 00 
              00 00 00 
              00 00 00 
              00 00 00 
              00 00 00 
              00 00 00 
              00 00 00 
              00 00 00 
              00 00 00 
              00 00 00 
              00 00 00 
              00 00 00 
              00 00 00 
              00 00 00 
              00 00 00 
              00 00 00 
              00 00 00 
              00 00 00 
              00 00 00 
              00 00 00 
              00 00 00 
              00 00 00 
              00 00            SPACE            4*20        ; Declares a 20-wor
                                                            d storage area
    4 00000050         array_end
    5 00000050         
    6 00000050                 AREA             mainarea,CODE
    7 00000000                 EXPORT           asm_main
    8 00000000         asm_main
    9 00000000         ; Your code goes here
   10 00000000 4808            LDR              r0, =array
   11 00000002 4909            LDR              r1, =array_end
   12 00000004 F04F 0201       MOV              r2, #1      ; Previous value
   13 00000008 F04F 0301       MOV              r3, #1      ; Current value
   14 0000000C F840 2B04       STR              r2, [r0], #4 ; Store first valu
                                                            e in array
   15 00000010         loop
   16 00000010 F840 3B04       STR              r3, [r0], #4 ; Store current va
                                                            lue in array then i
                                                            ncrement by 4 bytes
                                                            
   17 00000014 EB03 0402       ADD              r4, r3, r2  ; Compute next valu
                                                            e - current value =
                                                             current value + pr
                                                            evious value
   18 00000018 461A            MOV              r2, r3      ; Update r2 with r3
                                                             (The previous valu
                                                            e)
   19 0000001A 4623            MOV              r3, r4      ; Update r3 with th
                                                            e new current value
                                                             from r4
   20 0000001C 4288            CMP              r0, r1      ; Compare r0 to r1,
                                                             if r0 < r1 set the



ARM Macro Assembler    Page 2 


                                                             N flag
   21 0000001E D3F7            BLO              loop        ; If r0 < r1 go to 
                                                            loop label
   22 00000020         
   23 00000020         
   24 00000020 E7FE            B                .           ; Loop forever
   25 00000022         
   26 00000022 00 00           ALIGN
   27 00000024                 END
              00000000 
              00000000 
Command Line: --debug --xref --diag_suppress=9931,A1950W --cpu=Cortex-M4.fp.sp 
--depend=.\objects\main.d -o.\objects\main.o -I.\RTE\_STM32F407_Flash -IC:\Keil
_v5\ARM\PACK\ARM\CMSIS\6.1.0\CMSIS\Core\Include -IC:\Keil_v5\ARM\PACK\Keil\STM3
2F4xx_DFP\2.17.1\Drivers\CMSIS\Device\ST\STM32F4xx\Include --predefine="__UVISI
ON_VERSION SETA 541" --predefine="STM32F407xx SETA 1" --predefine="_RTE_ SETA 1
" --list=.\listings\main.lst asm\main.s



ARM Macro Assembler    Page 1 Alphabetic symbol ordering
Relocatable symbols

array 00000000

Symbol: array
   Definitions
      At line 2 in file asm\main.s
   Uses
      At line 10 in file asm\main.s
Comment: array used once
array_end 00000050

Symbol: array_end
   Definitions
      At line 4 in file asm\main.s
   Uses
      At line 11 in file asm\main.s
Comment: array_end used once
storage 00000000

Symbol: storage
   Definitions
      At line 1 in file asm\main.s
   Uses
      None
Comment: storage unused
3 symbols



ARM Macro Assembler    Page 1 Alphabetic symbol ordering
Relocatable symbols

asm_main 00000000

Symbol: asm_main
   Definitions
      At line 8 in file asm\main.s
   Uses
      At line 7 in file asm\main.s
Comment: asm_main used once
loop 00000010

Symbol: loop
   Definitions
      At line 15 in file asm\main.s
   Uses
      At line 21 in file asm\main.s
Comment: loop used once
mainarea 00000000

Symbol: mainarea
   Definitions
      At line 6 in file asm\main.s
   Uses
      None
Comment: mainarea unused
3 symbols
342 symbols in table
